2024-06-12 11:35:04 [main] INFO  g.C.C.CustomerManagementApiApplication - Starting CustomerManagementApiApplication using Java 22.0.1 with PID 19208 (C:\Users\Kidre\IdeaProjects\CustomerManagementAPI\target\classes started by Kidre in C:\Users\Kidre\IdeaProjects\CustomerManagementAPI)
2024-06-12 11:35:04 [main] INFO  g.C.C.CustomerManagementApiApplication - No active profile set, falling back to 1 default profile: "default"
2024-06-12 11:35:04 [main] INFO  o.s.d.r.c.RepositoryConfigurationDelegate - Bootstrapping Spring Data JPA repositories in DEFAULT mode.
2024-06-12 11:35:04 [main] INFO  o.s.d.r.c.RepositoryConfigurationDelegate - Finished Spring Data repository scanning in 37 ms. Found 1 JPA repository interface.
2024-06-12 11:35:05 [main] INFO  o.s.b.w.e.tomcat.TomcatWebServer - Tomcat initialized with port 8080 (http)
2024-06-12 11:35:05 [main] INFO  o.a.catalina.core.StandardService - Starting service [Tomcat]
2024-06-12 11:35:05 [main] INFO  o.a.catalina.core.StandardEngine - Starting Servlet engine: [Apache Tomcat/10.1.24]
2024-06-12 11:35:05 [main] INFO  o.a.c.c.C.[Tomcat].[localhost].[/] - Initializing Spring embedded WebApplicationContext
2024-06-12 11:35:05 [main] INFO  o.s.b.w.s.c.ServletWebServerApplicationContext - Root WebApplicationContext: initialization completed in 1031 ms
2024-06-12 11:35:05 [main] INFO  o.h.jpa.internal.util.LogHelper - HHH000204: Processing PersistenceUnitInfo [name: default]
2024-06-12 11:35:05 [main] INFO  org.hibernate.Version - HHH000412: Hibernate ORM core version 6.5.2.Final
2024-06-12 11:35:05 [main] INFO  o.h.c.i.RegionFactoryInitiator - HHH000026: Second-level cache disabled
2024-06-12 11:35:05 [main] INFO  o.s.o.j.p.SpringPersistenceUnitInfo - No LoadTimeWeaver setup: ignoring JPA class transformer
2024-06-12 11:35:05 [main] INFO  com.zaxxer.hikari.HikariDataSource - HikariPool-1 - Starting...
2024-06-12 11:35:06 [main] INFO  com.zaxxer.hikari.pool.HikariPool - HikariPool-1 - Added connection com.mysql.cj.jdbc.ConnectionImpl@c318864
2024-06-12 11:35:06 [main] INFO  com.zaxxer.hikari.HikariDataSource - HikariPool-1 - Start completed.
2024-06-12 11:35:06 [main] WARN  org.hibernate.orm.deprecation - HHH90000025: MySQLDialect does not need to be specified explicitly using 'hibernate.dialect' (remove the property setting and it will be selected by default)
2024-06-12 11:35:06 [main] INFO  o.h.e.t.j.p.i.JtaPlatformInitiator - HHH000489: No JTA platform available (set 'hibernate.transaction.jta.platform' to enable JTA platform integration)
2024-06-12 11:35:06 [main] INFO  o.s.o.j.LocalContainerEntityManagerFactoryBean - Initialized JPA EntityManagerFactory for persistence unit 'default'
2024-06-12 11:35:07 [main] INFO  o.s.d.j.r.query.QueryEnhancerFactory - Hibernate is in classpath; If applicable, HQL parser will be used.
2024-06-12 11:35:07 [main] WARN  o.s.b.a.o.j.JpaBaseConfiguration$JpaWebConfiguration - spring.jpa.open-in-view is enabled by default. Therefore, database queries may be performed during view rendering. Explicitly configure spring.jpa.open-in-view to disable this warning
2024-06-12 11:35:07 [main] INFO  o.s.b.w.e.tomcat.TomcatWebServer - Tomcat started on port 8080 (http) with context path '/'
2024-06-12 11:35:07 [main] INFO  g.C.C.CustomerManagementApiApplication - Started CustomerManagementApiApplication in 3.729 seconds (process running for 4.068)
2024-06-12 11:35:23 [http-nio-8080-exec-1] INFO  o.a.c.c.C.[Tomcat].[localhost].[/] - Initializing Spring DispatcherServlet 'dispatcherServlet'
2024-06-12 11:35:23 [http-nio-8080-exec-1] INFO  o.s.web.servlet.DispatcherServlet - Initializing Servlet 'dispatcherServlet'
2024-06-12 11:35:23 [http-nio-8080-exec-1] INFO  o.s.web.servlet.DispatcherServlet - Completed initialization in 1 ms
2024-06-12 11:35:23 [http-nio-8080-exec-1] INFO  g.C.C.Controller.CustomerController - Entering home page...
2024-06-12 11:35:31 [http-nio-8080-exec-4] INFO  g.C.C.Controller.CustomerController - Entering all customers page, attempting to gather all customers...
2024-06-12 11:35:31 [http-nio-8080-exec-4] INFO  g.C.C.Services.CustomerServiceImpl - Attempting to acquire all Customers...
2024-06-12 11:35:31 [http-nio-8080-exec-4] INFO  g.C.C.Services.CustomerServiceImpl - Acquired all customers!
2024-06-12 11:35:34 [http-nio-8080-exec-7] INFO  g.C.C.Controller.CustomerController - Entering individual customer page, attempting to gather customer...
2024-06-12 11:35:34 [http-nio-8080-exec-7] INFO  g.C.C.Services.CustomerServiceImpl - Attempting to gather specific Customer by ID...
2024-06-12 11:35:34 [http-nio-8080-exec-7] ERROR o.a.c.c.C.[.[.[.[dispatcherServlet] - Servlet.service() for servlet [dispatcherServlet] in context with path [] threw exception [Request processing failed: java.lang.RuntimeException: Customer Not Found: 1] with root cause
java.lang.RuntimeException: Customer Not Found: 1
	at genspark.CustomerManagement.CustomerManagementAPI.Services.CustomerServiceImpl.getCustomerById(CustomerServiceImpl.java:44)
	at genspark.CustomerManagement.CustomerManagementAPI.Controller.CustomerController.getSingleCustomer(CustomerController.java:59)
	at java.base/jdk.internal.reflect.DirectMethodHandleAccessor.invoke(DirectMethodHandleAccessor.java:103)
	at java.base/java.lang.reflect.Method.invoke(Method.java:580)
	at org.springframework.web.method.support.InvocableHandlerMethod.doInvoke(InvocableHandlerMethod.java:255)
	at org.springframework.web.method.support.InvocableHandlerMethod.invokeForRequest(InvocableHandlerMethod.java:188)
	at org.springframework.web.servlet.mvc.method.annotation.ServletInvocableHandlerMethod.invokeAndHandle(ServletInvocableHandlerMethod.java:118)
	at org.springframework.web.servlet.mvc.method.annotation.RequestMappingHandlerAdapter.invokeHandlerMethod(RequestMappingHandlerAdapter.java:926)
	at org.springframework.web.servlet.mvc.method.annotation.RequestMappingHandlerAdapter.handleInternal(RequestMappingHandlerAdapter.java:831)
	at org.springframework.web.servlet.mvc.method.AbstractHandlerMethodAdapter.handle(AbstractHandlerMethodAdapter.java:87)
	at org.springframework.web.servlet.DispatcherServlet.doDispatch(DispatcherServlet.java:1089)
	at org.springframework.web.servlet.DispatcherServlet.doService(DispatcherServlet.java:979)
	at org.springframework.web.servlet.FrameworkServlet.processRequest(FrameworkServlet.java:1014)
	at org.springframework.web.servlet.FrameworkServlet.doGet(FrameworkServlet.java:903)
	at jakarta.servlet.http.HttpServlet.service(HttpServlet.java:564)
	at org.springframework.web.servlet.FrameworkServlet.service(FrameworkServlet.java:885)
	at jakarta.servlet.http.HttpServlet.service(HttpServlet.java:658)
	at org.apache.catalina.core.ApplicationFilterChain.internalDoFilter(ApplicationFilterChain.java:195)
	at org.apache.catalina.core.ApplicationFilterChain.doFilter(ApplicationFilterChain.java:140)
	at org.apache.tomcat.websocket.server.WsFilter.doFilter(WsFilter.java:51)
	at org.apache.catalina.core.ApplicationFilterChain.internalDoFilter(ApplicationFilterChain.java:164)
	at org.apache.catalina.core.ApplicationFilterChain.doFilter(ApplicationFilterChain.java:140)
	at org.springframework.web.filter.RequestContextFilter.doFilterInternal(RequestContextFilter.java:100)
	at org.springframework.web.filter.OncePerRequestFilter.doFilter(OncePerRequestFilter.java:116)
	at org.apache.catalina.core.ApplicationFilterChain.internalDoFilter(ApplicationFilterChain.java:164)
	at org.apache.catalina.core.ApplicationFilterChain.doFilter(ApplicationFilterChain.java:140)
	at org.springframework.web.filter.FormContentFilter.doFilterInternal(FormContentFilter.java:93)
	at org.springframework.web.filter.OncePerRequestFilter.doFilter(OncePerRequestFilter.java:116)
	at org.apache.catalina.core.ApplicationFilterChain.internalDoFilter(ApplicationFilterChain.java:164)
	at org.apache.catalina.core.ApplicationFilterChain.doFilter(ApplicationFilterChain.java:140)
	at org.springframework.web.filter.CharacterEncodingFilter.doFilterInternal(CharacterEncodingFilter.java:201)
	at org.springframework.web.filter.OncePerRequestFilter.doFilter(OncePerRequestFilter.java:116)
	at org.apache.catalina.core.ApplicationFilterChain.internalDoFilter(ApplicationFilterChain.java:164)
	at org.apache.catalina.core.ApplicationFilterChain.doFilter(ApplicationFilterChain.java:140)
	at org.apache.catalina.core.StandardWrapperValve.invoke(StandardWrapperValve.java:167)
	at org.apache.catalina.core.StandardContextValve.invoke(StandardContextValve.java:90)
	at org.apache.catalina.authenticator.AuthenticatorBase.invoke(AuthenticatorBase.java:482)
	at org.apache.catalina.core.StandardHostValve.invoke(StandardHostValve.java:115)
	at org.apache.catalina.valves.ErrorReportValve.invoke(ErrorReportValve.java:93)
	at org.apache.catalina.core.StandardEngineValve.invoke(StandardEngineValve.java:74)
	at org.apache.catalina.connector.CoyoteAdapter.service(CoyoteAdapter.java:344)
	at org.apache.coyote.http11.Http11Processor.service(Http11Processor.java:389)
	at org.apache.coyote.AbstractProcessorLight.process(AbstractProcessorLight.java:63)
	at org.apache.coyote.AbstractProtocol$ConnectionHandler.process(AbstractProtocol.java:896)
	at org.apache.tomcat.util.net.NioEndpoint$SocketProcessor.doRun(NioEndpoint.java:1741)
	at org.apache.tomcat.util.net.SocketProcessorBase.run(SocketProcessorBase.java:52)
	at org.apache.tomcat.util.threads.ThreadPoolExecutor.runWorker(ThreadPoolExecutor.java:1190)
	at org.apache.tomcat.util.threads.ThreadPoolExecutor$Worker.run(ThreadPoolExecutor.java:659)
	at org.apache.tomcat.util.threads.TaskThread$WrappingRunnable.run(TaskThread.java:63)
	at java.base/java.lang.Thread.run(Thread.java:1570)
2024-06-12 11:35:43 [http-nio-8080-exec-5] INFO  g.C.C.Controller.CustomerController - Entering home page...
2024-06-12 11:36:38 [http-nio-8080-exec-3] INFO  g.C.C.Controller.CustomerController - Entering home page...
2024-06-12 11:36:44 [http-nio-8080-exec-9] INFO  g.C.C.Controller.CustomerController - Entering all customers page, attempting to gather all customers...
2024-06-12 11:36:44 [http-nio-8080-exec-9] INFO  g.C.C.Services.CustomerServiceImpl - Attempting to acquire all Customers...
2024-06-12 11:36:44 [http-nio-8080-exec-9] INFO  g.C.C.Services.CustomerServiceImpl - Acquired all customers!
2024-06-12 11:40:12 [http-nio-8080-exec-2] INFO  g.C.C.Controller.CustomerController - Request received to add new customer, attempting to add customer...
2024-06-12 11:40:12 [http-nio-8080-exec-2] INFO  g.C.C.Services.CustomerServiceImpl - Attempting to add a new customer...
2024-06-12 11:40:12 [http-nio-8080-exec-2] INFO  g.C.C.Services.CustomerServiceImpl - New customer has been added!
2024-06-12 11:40:51 [http-nio-8080-exec-4] INFO  g.C.C.Controller.CustomerController - Entering all customers page, attempting to gather all customers...
2024-06-12 11:40:51 [http-nio-8080-exec-4] INFO  g.C.C.Services.CustomerServiceImpl - Attempting to acquire all Customers...
2024-06-12 11:40:51 [http-nio-8080-exec-4] INFO  g.C.C.Services.CustomerServiceImpl - Acquired all customers!
2024-06-12 11:44:49 [http-nio-8080-exec-3] INFO  g.C.C.Controller.CustomerController - Entering individual customer page, attempting to gather customer...
2024-06-12 11:44:49 [http-nio-8080-exec-3] INFO  g.C.C.Services.CustomerServiceImpl - Attempting to gather specific Customer by ID...
2024-06-12 11:44:49 [http-nio-8080-exec-3] INFO  g.C.C.Services.CustomerServiceImpl - Returning the found customer!
2024-06-12 11:44:55 [http-nio-8080-exec-10] INFO  g.C.C.Controller.CustomerController - Entering all customers page, attempting to gather all customers...
2024-06-12 11:44:55 [http-nio-8080-exec-10] INFO  g.C.C.Services.CustomerServiceImpl - Attempting to acquire all Customers...
2024-06-12 11:44:55 [http-nio-8080-exec-10] INFO  g.C.C.Services.CustomerServiceImpl - Acquired all customers!
2024-06-12 11:45:06 [http-nio-8080-exec-8] INFO  g.C.C.Controller.CustomerController - Request received to delete customer, attempting to delete customer...
2024-06-12 11:45:06 [http-nio-8080-exec-8] INFO  g.C.C.Services.CustomerServiceImpl - Attempting to delete a current customer...
2024-06-12 11:45:06 [http-nio-8080-exec-8] INFO  g.C.C.Services.CustomerServiceImpl - Customer Deleted Successfully!
2024-06-12 11:45:09 [http-nio-8080-exec-1] INFO  g.C.C.Controller.CustomerController - Entering all customers page, attempting to gather all customers...
2024-06-12 11:45:09 [http-nio-8080-exec-1] INFO  g.C.C.Services.CustomerServiceImpl - Attempting to acquire all Customers...
2024-06-12 11:45:09 [http-nio-8080-exec-1] INFO  g.C.C.Services.CustomerServiceImpl - Acquired all customers!
2024-06-12 12:05:27 [http-nio-8080-exec-5] INFO  g.C.C.Controller.CustomerController - Entering home page...
2024-06-12 12:08:33 [SpringApplicationShutdownHook] INFO  o.s.o.j.LocalContainerEntityManagerFactoryBean - Closing JPA EntityManagerFactory for persistence unit 'default'
2024-06-12 12:08:33 [SpringApplicationShutdownHook] INFO  com.zaxxer.hikari.HikariDataSource - HikariPool-1 - Shutdown initiated...
2024-06-12 12:08:33 [SpringApplicationShutdownHook] INFO  com.zaxxer.hikari.HikariDataSource - HikariPool-1 - Shutdown completed.
